Build started 11/30/2012 11:22:27 PM.
     1>Project "C:\Users\Michael\Desktop\CodeBase\Engine.vcxproj" on node 2 (build target(s)).
     1>InitializeBuildStatus:
         Creating "Debug\Engine.unsuccessfulbuild" because "AlwaysCreate" was specified.
       ClCompile:
         d:\Programs\Visual Studio 2010\VC\bin\CL.exe /c /IInclude /ZI /nologo /W3 /WX- /Od /Oy- /D WIN32 /D _DEBUG /D _WINDOWS /D _UNICODE /D UNICODE /Gm /EHsc /RTC1 /MDd /GS /fp:precise /Zc:wchar_t /Zc:forScope /Fo"Debug\\" /Fd"Debug\vc100.pdb" /Gd /TP /analyze- /errorReport:prompt main.cpp
         main.cpp
     1>c:\users\michael\desktop\codebase\main.cpp(180): warning C4305: 'argument' : truncation from 'double' to 'FLOAT'
     1>c:\users\michael\desktop\codebase\main.cpp(278): warning C4244: 'initializing' : conversion from 'float' to 'int', possible loss of data
     1>c:\users\michael\desktop\codebase\main.cpp(307): warning C4244: 'argument' : conversion from 'double' to 'FLOAT', possible loss of data
     1>c:\users\michael\desktop\codebase\main.cpp(308): warning C4305: 'argument' : truncation from 'double' to 'FLOAT'
     1>c:\users\michael\desktop\codebase\main.cpp(327): warning C4244: 'argument' : conversion from 'double' to 'float', possible loss of data
     1>c:\users\michael\desktop\codebase\main.cpp(459): warning C4305: 'argument' : truncation from 'double' to 'FLOAT'
     1>c:\users\michael\desktop\codebase\main.cpp(466): warning C4305: 'argument' : truncation from 'double' to 'FLOAT'
     1>c:\users\michael\desktop\codebase\main.cpp(473): warning C4305: 'argument' : truncation from 'double' to 'FLOAT'
     1>c:\users\michael\desktop\codebase\main.cpp(480): warning C4305: 'argument' : truncation from 'double' to 'FLOAT'
       ManifestResourceCompile:
         All outputs are up-to-date.
       Link:
         d:\Programs\Visual Studio 2010\VC\bin\link.exe /ERRORREPORT:PROMPT /OUT:"C:\Users\Michael\Desktop\CodeBase\Debug\Engine.exe" /INCREMENTAL /NOLOGO /LIBPATH:Lib\x86 Winmm.lib d3dx11.lib d3d11.lib d3d10.lib d3dx10.lib kernel32.lib user32.lib gdi32.lib winspool.lib comdlg32.lib advapi32.lib shell32.lib ole32.lib oleaut32.lib uuid.lib odbc32.lib odbccp32.lib kernel32.lib user32.lib gdi32.lib winspool.lib comdlg32.lib advapi32.lib shell32.lib ole32.lib oleaut32.lib uuid.lib odbc32.lib odbccp32.lib /MANIFEST /ManifestFile:"Debug\Engine.exe.intermediate.manifest" /MANIFESTUAC:"level='asInvoker' uiAccess='false'" /DEBUG /PDB:"C:\Users\Michael\Desktop\CodeBase\Debug\Engine.pdb" /SUBSYSTEM:WINDOWS /TLBID:1 /DYNAMICBASE /NXCOMPAT /IMPLIB:"C:\Users\Michael\Desktop\CodeBase\Debug\Engine.lib" /MACHINE:X86 Debug\Engine.exe.embed.manifest.res
         Debug\geometryclassObj.obj
         Debug\main.obj
         Debug\geometryclass.obj
         Debug\objectclass.obj
         Debug\shaderclass.obj
       Manifest:
         C:\Program Files (x86)\Microsoft SDKs\Windows\v7.0A\bin\mt.exe /nologo /verbose /out:"Debug\Engine.exe.embed.manifest" /manifest Debug\Engine.exe.intermediate.manifest
         All outputs are up-to-date.
       LinkEmbedManifest:
         All outputs are up-to-date.
         Engine.vcxproj -> C:\Users\Michael\Desktop\CodeBase\Debug\Engine.exe
       FinalizeBuildStatus:
         Deleting file "Debug\Engine.unsuccessfulbuild".
         Touching "Debug\Engine.lastbuildstate".
     1>Done Building Project "C:\Users\Michael\Desktop\CodeBase\Engine.vcxproj" (build target(s)).

Build succeeded.

Time Elapsed 00:00:03.69
