Build started 11/27/2012 10:18:48 PM.
     1>Project "C:\Users\Michael\Desktop\New folder\Engine.vcxproj" on node 2 (build target(s)).
     1>InitializeBuildStatus:
         Creating "Debug\Engine.unsuccessfulbuild" because "AlwaysCreate" was specified.
       ClCompile:
         d:\Programs\Visual Studio 2010\VC\bin\CL.exe /c /IInclude /ZI /nologo /W3 /WX- /Od /Oy- /D WIN32 /D _DEBUG /D _WINDOWS /D _UNICODE /D UNICODE /Gm /EHsc /RTC1 /MDd /GS /fp:precise /Zc:wchar_t /Zc:forScope /Fo"Debug\\" /Fd"Debug\vc100.pdb" /Gd /TP /analyze- /errorReport:prompt main.cpp geometryclass.cpp objectclass.cpp shaderclass.cpp
         shaderclass.cpp
         objectclass.cpp
         geometryclass.cpp
     1>c:\users\michael\desktop\new folder\geometryclass.cpp(150): warning C4996: 'strtok': This function or variable may be unsafe. Consider using strtok_s instead. To disable deprecation, use _CRT_SECURE_NO_WARNINGS. See online help for details.
                 d:\programs\visual studio 2010\vc\include\string.h(197) : see declaration of 'strtok'
     1>c:\users\michael\desktop\new folder\geometryclass.cpp(162): warning C4018: '<' : signed/unsigned mismatch
     1>c:\users\michael\desktop\new folder\geometryclass.cpp(183): warning C4244: '=' : conversion from 'double' to 'float', possible loss of data
     1>c:\users\michael\desktop\new folder\geometryclass.cpp(184): warning C4244: '=' : conversion from 'double' to 'float', possible loss of data
     1>c:\users\michael\desktop\new folder\geometryclass.cpp(205): warning C4244: 'argument' : conversion from 'double' to 'float', possible loss of data
     1>c:\users\michael\desktop\new folder\geometryclass.cpp(205): warning C4244: 'argument' : conversion from 'double' to 'float', possible loss of data
     1>c:\users\michael\desktop\new folder\geometryclass.cpp(215): warning C4244: 'argument' : conversion from 'double' to 'float', possible loss of data
     1>c:\users\michael\desktop\new folder\geometryclass.cpp(215): warning C4244: 'argument' : conversion from 'double' to 'float', possible loss of data
     1>c:\users\michael\desktop\new folder\geometryclass.cpp(432): warning C4018: '<' : signed/unsigned mismatch
         main.cpp
         Generating Code...
       ManifestResourceCompile:
         C:\Program Files (x86)\Microsoft SDKs\Windows\v7.0A\bin\rc.exe /nologo /fo"Debug\Engine.exe.embed.manifest.res" Debug\Engine_manifest.rc 
       Link:
         d:\Programs\Visual Studio 2010\VC\bin\link.exe /ERRORREPORT:PROMPT /OUT:"C:\Users\Michael\Desktop\New folder\Debug\Engine.exe" /INCREMENTAL /NOLOGO /LIBPATH:Lib\x86 d3dx11.lib d3d11.lib d3d10.lib d3dx10.lib kernel32.lib user32.lib gdi32.lib winspool.lib comdlg32.lib advapi32.lib shell32.lib ole32.lib oleaut32.lib uuid.lib odbc32.lib odbccp32.lib kernel32.lib user32.lib gdi32.lib winspool.lib comdlg32.lib advapi32.lib shell32.lib ole32.lib oleaut32.lib uuid.lib odbc32.lib odbccp32.lib /MANIFEST /ManifestFile:"Debug\Engine.exe.intermediate.manifest" /MANIFESTUAC:"level='asInvoker' uiAccess='false'" /DEBUG /PDB:"C:\Users\Michael\Desktop\New folder\Debug\Engine.pdb" /SUBSYSTEM:WINDOWS /TLBID:1 /DYNAMICBASE /NXCOMPAT /IMPLIB:"C:\Users\Michael\Desktop\New folder\Debug\Engine.lib" /MACHINE:X86 Debug\Engine.exe.embed.manifest.res
         Debug\main.obj
         Debug\geometryclass.obj
         Debug\objectclass.obj
         Debug\shaderclass.obj
       Manifest:
         C:\Program Files (x86)\Microsoft SDKs\Windows\v7.0A\bin\mt.exe /nologo /verbose /out:"Debug\Engine.exe.embed.manifest" /manifest Debug\Engine.exe.intermediate.manifest
         C:\Program Files (x86)\Microsoft SDKs\Windows\v7.0A\bin\rc.exe /nologo /fo"Debug\Engine.exe.embed.manifest.res" Debug\Engine_manifest.rc 
       LinkEmbedManifest:
         d:\Programs\Visual Studio 2010\VC\bin\link.exe /ERRORREPORT:PROMPT /OUT:"C:\Users\Michael\Desktop\New folder\Debug\Engine.exe" /INCREMENTAL /NOLOGO /LIBPATH:Lib\x86 d3dx11.lib d3d11.lib d3d10.lib d3dx10.lib kernel32.lib user32.lib gdi32.lib winspool.lib comdlg32.lib advapi32.lib shell32.lib ole32.lib oleaut32.lib uuid.lib odbc32.lib odbccp32.lib kernel32.lib user32.lib gdi32.lib winspool.lib comdlg32.lib advapi32.lib shell32.lib ole32.lib oleaut32.lib uuid.lib odbc32.lib odbccp32.lib /MANIFEST /ManifestFile:"Debug\Engine.exe.intermediate.manifest" /MANIFESTUAC:"level='asInvoker' uiAccess='false'" /DEBUG /PDB:"C:\Users\Michael\Desktop\New folder\Debug\Engine.pdb" /SUBSYSTEM:WINDOWS /TLBID:1 /DYNAMICBASE /NXCOMPAT /IMPLIB:"C:\Users\Michael\Desktop\New folder\Debug\Engine.lib" /MACHINE:X86 Debug\Engine.exe.embed.manifest.res
         Debug\main.obj
         Debug\geometryclass.obj
         Debug\objectclass.obj
         Debug\shaderclass.obj
         Engine.vcxproj -> C:\Users\Michael\Desktop\New folder\Debug\Engine.exe
       FinalizeBuildStatus:
         Deleting file "Debug\Engine.unsuccessfulbuild".
         Touching "Debug\Engine.lastbuildstate".
     1>Done Building Project "C:\Users\Michael\Desktop\New folder\Engine.vcxproj" (build target(s)).

Build succeeded.

Time Elapsed 00:00:06.93
